<?xml version="1.0" encoding="UTF-8"?>
<testsuite xmlns:xsi="http://www.w3.org/2001/XMLSchema-instance" xsi:noNamespaceSchemaLocation="https://maven.apache.org/surefire/maven-surefire-plugin/xsd/surefire-test-report.xsd" name="PosterManagerTest" time="0.069" tests="5" errors="0" skipped="0" failures="3">
  <properties>
[...]
</properties>
  <testcase name="shouldGetLimitPosters" classname="PosterManagerTest" time="0.032"/>
  <testcase name="shouldGetLimitPostersIfSizeOfArrIsTooMach" classname="PosterManagerTest" time="0.02">
    <failure message="array lengths differ, expected: &lt;7&gt; but was: &lt;14&gt;" type="org.opentest4j.AssertionFailedError"><![CDATA[org.opentest4j.AssertionFailedError: array lengths differ, expected: <7> but was: <14>
	at PosterManagerTest.shouldGetLimitPostersIfSizeOfArrIsTooMach(PosterManagerTest.java:91)
]]></failure>
    <system-out><![CDATA[ru.netology.poster.Films@3adbe50f
ru.netology.poster.Films@3a627c80
ru.netology.poster.Films@49aa766b
ru.netology.poster.Films@963176
ru.netology.poster.Films@65004ff6
ru.netology.poster.Films@4cafa9aa
ru.netology.poster.Films@562c877a
ru.netology.poster.Films@4c0884e8
ru.netology.poster.Films@5bfc257
ru.netology.poster.Films@34523d46
ru.netology.poster.Films@7cedfa63
ru.netology.poster.Films@67001148
ru.netology.poster.Films@989da1
ru.netology.poster.Films@31cb96e1
]]></system-out>
  </testcase>
  <testcase name="shouldGetAllPosters" classname="PosterManagerTest" time="0.001">
    <failure message="array lengths differ, expected: &lt;7&gt; but was: &lt;21&gt;" type="org.opentest4j.AssertionFailedError"><![CDATA[org.opentest4j.AssertionFailedError: array lengths differ, expected: <7> but was: <21>
	at PosterManagerTest.shouldGetAllPosters(PosterManagerTest.java:55)
]]></failure>
  </testcase>
  <testcase name="shouldGetLimitPostersIfSizeOfArrayIsNegative" classname="PosterManagerTest" time="0"/>
  <testcase name="shouldSaveNewPosters" classname="PosterManagerTest" time="0.002">
    <failure message="array lengths differ, expected: &lt;7&gt; but was: &lt;35&gt;" type="org.opentest4j.AssertionFailedError"><![CDATA[org.opentest4j.AssertionFailedError: array lengths differ, expected: <7> but was: <35>
	at PosterManagerTest.shouldSaveNewPosters(PosterManagerTest.java:36)
]]></failure>
  </testcase>
</testsuite>